Der Buildvorgang wurde am 06.06.2011 10:56:40 gestartet.
     1>Projekt "C:\Users\Marius Küng\Documents\Marius\Schule\IMS\Informatik\Programmieren\Objektorientierte Programmierung\OPOS\OPOS\OPOS\OPOS.vcxproj" auf Knoten "2", build Ziel(e).
     1>InitializeBuildStatus:
         "Debug\OPOS.unsuccessfulbuild" wird erstellt, da "AlwaysCreate" angegeben wurde.
       ClCompile:
         C:\Program Files (x86)\Microsoft Visual Studio 10.0\VC\bin\CL.exe /c /ZI /nologo /W3 /WX- /Od /Oy- /D _MBCS /Gm /EHsc /RTC1 /MDd /GS /fp:precise /Zc:wchar_t /Zc:forScope /Fo"Debug\\" /Fd"Debug\vc100.pdb" /Gd /TP /analyze- /errorReport:prompt Fibu.cpp FibuList.cpp global.cpp Kreditor.cpp KreditorList.cpp MenuItem.cpp MenuList.cpp OP.cpp OPList.cpp OPOS.cpp
         OPOS.cpp
         OPList.cpp
     1>c:\users\marius küng\documents\marius\schule\ims\informatik\programmieren\objektorientierte programmierung\opos\opos\opos\oplist.cpp(35): warning C4800: 'int': Variable wird auf booleschen Wert ('True' oder 'False') gesetzt (Auswirkungen auf Leistungsverhalten möglich)
         OP.cpp
         MenuList.cpp
         MenuItem.cpp
         KreditorList.cpp
         Kreditor.cpp
         global.cpp
     1>c:\users\marius küng\documents\marius\schule\ims\informatik\programmieren\objektorientierte programmierung\opos\opos\opos\global.cpp(7): warning C4018: '<': Konflikt zwischen 'signed' und 'unsigned'
         FibuList.cpp
         Fibu.cpp
         Code wird generiert...
     1>c:\users\marius küng\documents\marius\schule\ims\informatik\programmieren\objektorientierte programmierung\opos\opos\opos\menulist.cpp(29): warning C4715: "CMenuList::getMenuItemFunktion": Nicht alle Steuerelementpfade geben einen Wert zurück.
       Link:
         C:\Program Files (x86)\Microsoft Visual Studio 10.0\VC\bin\link.exe /ERRORREPORT:PROMPT /OUT:"C:\Users\Marius Küng\Documents\Marius\Schule\IMS\Informatik\Programmieren\Objektorientierte Programmierung\OPOS\OPOS\Debug\OPOS.exe" /NOLOGO kernel32.lib user32.lib gdi32.lib winspool.lib comdlg32.lib advapi32.lib shell32.lib ole32.lib oleaut32.lib uuid.lib odbc32.lib odbccp32.lib /MANIFEST /ManifestFile:"Debug\OPOS.exe.intermediate.manifest" /MANIFESTUAC:"level='asInvoker' uiAccess='false'" /DEBUG /PDB:"C:\Users\Marius Küng\Documents\Marius\Schule\IMS\Informatik\Programmieren\Objektorientierte Programmierung\OPOS\OPOS\Debug\OPOS.pdb" /TLBID:1 /DYNAMICBASE /NXCOMPAT /IMPLIB:"C:\Users\Marius Küng\Documents\Marius\Schule\IMS\Informatik\Programmieren\Objektorientierte Programmierung\OPOS\OPOS\Debug\OPOS.lib" /MACHINE:X86 Debug\Fibu.obj
         Debug\FibuList.obj
         Debug\global.obj
         Debug\Kreditor.obj
         Debug\KreditorList.obj
         Debug\MenuItem.obj
         Debug\MenuList.obj
         Debug\OP.obj
         Debug\OPList.obj
         Debug\OPOS.obj
         OPOS.vcxproj -> C:\Users\Marius Küng\Documents\Marius\Schule\IMS\Informatik\Programmieren\Objektorientierte Programmierung\OPOS\OPOS\Debug\OPOS.exe
       Manifest:
         C:\Program Files (x86)\Microsoft SDKs\Windows\v7.0A\bin\mt.exe /nologo /verbose /outputresource:"C:\Users\Marius Küng\Documents\Marius\Schule\IMS\Informatik\Programmieren\Objektorientierte Programmierung\OPOS\OPOS\Debug\OPOS.exe;#1" /manifest Debug\OPOS.exe.intermediate.manifest
       FinalizeBuildStatus:
         Die Datei "Debug\OPOS.unsuccessfulbuild" wird gelöscht.
         Aktualisieren des Timestamps von "Debug\OPOS.lastbuildstate".
     1>Die Erstellung des Projekts "C:\Users\Marius Küng\Documents\Marius\Schule\IMS\Informatik\Programmieren\Objektorientierte Programmierung\OPOS\OPOS\OPOS\OPOS.vcxproj" ist abgeschlossen, build Ziel(e).

Das Erstellen war erfolgreich.

Verstrichene Zeit 00:00:07.22
